<?xml version="1.0" encoding="UTF-8"?>
<!-- Generated by org.testng.reporters.JUnitXMLReporter -->
<testsuite ignored="0" hostname="DESKTOP-VVI5NHS" failures="0" tests="3" name="StandAloneTest" time="44.057" errors="0" timestamp="2024-07-05T01:17:15 IST">
  <testcase classname="rahulshettyacademy.StandAloneTest" name="submitOrderTest" time="16.168"/>
  <testcase classname="rahulshettyacademy.StandAloneTest" name="submitOrderTest" time="13.714"/>
  <testcase classname="rahulshettyacademy.StandAloneTest" name="OrderVerification" time="0.963"/>
</testsuite> <!-- StandAloneTest -->
