<?xml version="1.0" encoding="UTF-8"?>
<!-- Generated by org.testng.reporters.JUnitXMLReporter -->
<testsuite ignored="3" hostname="DESKTOP-VVI5NHS" failures="0" tests="1" name="Test" time="4.698" errors="0" timestamp="2024-07-04T00:22:18 IST">
  <testcase classname="rahulshettyacademy.ErrorValidationTest" name="LoginPageErrorcheck" time="0.784"/>
  <testcase classname="rahulshettyacademy.StandAloneTest" name="OrderVerification" time="0.0">
    <ignored/>
  </testcase> <!-- OrderVerification -->
  <testcase classname="rahulshettyacademy.StandAloneTest" name="submitOrderTest" time="0.0">
    <ignored/>
  </testcase> <!-- submitOrderTest -->
  <testcase classname="rahulshettyacademy.ErrorValidationTest" name="ProductErrorValidationMethod" time="0.0">
    <ignored/>
  </testcase> <!-- ProductErrorValidationMethod -->
</testsuite> <!-- Test -->
