<?xml version="1.0" encoding="UTF-8"?>
<!-- Generated by org.testng.reporters.JUnitXMLReporter -->
<testsuite ignored="0" hostname="DESKTOP-VVI5NHS" failures="1" tests="4" name="ErrorvalidationTest" time="26.83" errors="0" timestamp="2024-07-09T02:50:14 IST">
  <testcase classname="rahulshettyacademy.ErrorValidationTest" name="LoginPageError" time="1.547">
    <skipped/>
  </testcase> <!-- LoginPageError -->
  <testcase classname="rahulshettyacademy.ErrorValidationTest" name="LoginPageError" time="0.875">
    <failure type="java.lang.AssertionError" message="expected [Incorrect email or password.] but found [Incorrect email  password.]">
      <![CDATA[java.lang.AssertionError: expected [Incorrect email or password.] but found [Incorrect email  password.]
at rahulshettyacademy.ErrorValidationTest.LoginPageError(ErrorValidationTest.java:27)
at java.base/java.util.ArrayList.forEach(ArrayList.java:1511)
at java.base/java.util.concurrent.FutureTask.run(FutureTask.java:264)
at java.base/java.util.concurrent.ThreadPoolExecutor.runWorker(ThreadPoolExecutor.java:1136)
at java.base/java.util.concurrent.ThreadPoolExecutor$Worker.run(ThreadPoolExecutor.java:635)
at java.base/java.lang.Thread.run(Thread.java:833)
... Removed 23 stack frames]]>
    </failure>
  </testcase> <!-- LoginPageError -->
  <testcase classname="rahulshettyacademy.ErrorValidationTest" name="LoginPageErrorcheck" time="0.781"/>
  <testcase classname="rahulshettyacademy.ErrorValidationTest" name="ProductErrorValidationMethod" time="4.03"/>
</testsuite> <!-- ErrorvalidationTest -->
