<?xml version="1.0" encoding="UTF-8"?>
<!-- Generated by org.testng.reporters.JUnitXMLReporter -->
<testsuite ignored="0" hostname="DESKTOP-VVI5NHS" failures="0" tests="3" name="StandAloneTest" time="43.566" errors="0" timestamp="2024-07-09T02:50:29 IST">
  <testcase classname="rahulshettyacademy.StandAloneTest" name="submitOrderTest" time="17.364"/>
  <testcase classname="rahulshettyacademy.StandAloneTest" name="submitOrderTest" time="11.717"/>
  <testcase classname="rahulshettyacademy.StandAloneTest" name="OrderVerification" time="1.083"/>
</testsuite> <!-- StandAloneTest -->
