<?xml version="1.0" encoding="UTF-8"?>
<testsuite xmlns:xsi="http://www.w3.org/2001/XMLSchema-instance" xsi:noNamespaceSchemaLocation="https://maven.apache.org/surefire/maven-surefire-plugin/xsd/surefire-test-report.xsd" version="3.0.1" name="Cucumber.TestNGTestRunner" time="35.718" tests="2" errors="0" skipped="0" failures="0">
  <properties>
[...]
</properties>
  <testcase name="runScenario[&quot;Product select and submit&quot;, &quot;Submit the order&quot;](1)" classname="Cucumber.TestNGTestRunner" time="17.864">
    <system-out><![CDATA[
THANKYOU FOR THE ORDER.
]]></system-out>
    <system-err><![CDATA[SLF4J(W): No SLF4J providers were found.
SLF4J(W): Defaulting to no-operation (NOP) logger implementation
SLF4J(W): See https://www.slf4j.org/codes.html#noProviders for further details.
]]></system-err>
  </testcase>
  <testcase name="runScenario[&quot;Product select and submit&quot;, &quot;Submit the order&quot;](2)" classname="Cucumber.TestNGTestRunner" time="14.695">
    <system-out><![CDATA[
THANKYOU FOR THE ORDER.
]]></system-out>
  </testcase>
</testsuite>